#
# There is insufficient memory for the Java Runtime Environment to continue.
# Native memory allocation (mmap) failed to map 125829120 bytes for G1 virtual space
# Possible reasons:
#   The system is out of physical RAM or swap space
#   The process is running with CompressedOops enabled, and the Java Heap may be blocking the growth of the native heap
# Possible solutions:
#   Reduce memory load on the system
#   Increase physical memory or swap space
#   Check if swap backing store is full
#   Decrease Java heap size (-Xmx/-Xms)
#   Decrease number of Java threads
#   Decrease Java thread stack sizes (-Xss)
#   Set larger code cache with -XX:ReservedCodeCacheSize=
#   JVM is running with Unscaled Compressed Oops mode in which the Java heap is
#     placed in the first 4GB address space. The Java Heap base address is the
#     maximum limit for the native heap growth. Please use -XX:HeapBaseMinAddress
#     to set the Java Heap base and to place the Java Heap above 4GB virtual address.
# This output file may be truncated or incomplete.
#
#  Out of Memory Error (os_windows.cpp:3530), pid=20112, tid=19288
#
# JRE version:  (18.0.2.1+1) (build )
# Java VM: Java HotSpot(TM) 64-Bit Server VM (18.0.2.1+1-1, mixed mode, sharing, tiered, compressed oops, compressed class ptrs, g1 gc, windows-amd64)
# No core dump will be written. Minidumps are not enabled by default on client versions of Windows
#

---------------  S U M M A R Y ------------

Command Line: -Dfile.encoding=UTF-8 --module-path=C:\Users\Asus\OneDrive\Documents\NetBeansProjects\Employee management system\build\classes employee.management.system.ViewEmployee

Host: AMD Ryzen 5 3550H with Radeon Vega Mobile Gfx  , 8 cores, 7G,  Windows 11 , 64 bit Build 22621 (10.0.22621.1194)
Time: Wed Mar  8 10:18:28 2023 India Standard Time elapsed time: 0.021198 seconds (0d 0h 0m 0s)

---------------  T H R E A D  ---------------

Current thread (0x00000282e2dee920):  JavaThread "Unknown thread" [_thread_in_vm, id=19288, stack(0x000000c45ce00000,0x000000c45cf00000)]

Stack: [0x000000c45ce00000,0x000000c45cf00000]
Native frames: (J=compiled Java code, j=interpreted, Vv=VM code, C=native code)
V  [jvm.dll+0x6993aa]
V  [jvm.dll+0x7f46dd]
V  [jvm.dll+0x7f5fee]
V  [jvm.dll+0x7f66a3]
V  [jvm.dll+0x25cf1f]
V  [jvm.dll+0x6962f9]
V  [jvm.dll+0x68ae2a]
V  [jvm.dll+0x32255b]
V  [jvm.dll+0x329f36]
V  [jvm.dll+0x37eade]
V  [jvm.dll+0x37ed0f]
V  [jvm.dll+0x2fa2da]
V  [jvm.dll+0x2fb33d]
V  [jvm.dll+0x7c3310]
V  [jvm.dll+0x38be61]
V  [jvm.dll+0x7a2023]
V  [jvm.dll+0x40dc3f]
V  [jvm.dll+0x40f611]
C  [jli.dll+0x526b]
C  [ucrtbase.dll+0x29363]
C  [KERNEL32.DLL+0x126bd]
C  [ntdll.dll+0x5dfb8]


---------------  P R O C E S S  ---------------

Threads class SMR info:
_java_thread_list=0x00007ffa6755e550, length=0, elements={
}

Java Threads: ( => current thread )

Other Threads:
  0x00000282e2e4b480 WorkerThread "GC Thread#0" [stack: 0x000000c45cf00000,0x000000c45d000000] [id=7696]
  0x00000282e2e5c130 ConcurrentGCThread "G1 Main Marker" [stack: 0x000000c45d000000,0x000000c45d100000] [id=3716]
  0x00000282e2e5c930 WorkerThread "G1 Conc#0" [stack: 0x000000c45d100000,0x000000c45d200000] [id=1216]

[error occurred during error reporting (printing all threads), id 0xc0000005, EXCEPTION_ACCESS_VIOLATION (0xc0000005) at pc=0x00007ffa66d8a877]

VM state: not at safepoint (not fully initialized)

VM Mutex/Monitor currently owned by a thread:  ([mutex/lock_event])
[0x00000282e2deb2b0] Heap_lock - owner thread: 0x00000282e2dee920

Heap address: 0x0000000089000000, size: 1904 MB, Compressed Oops mode: 32-bit

CDS archive(s) mapped at: [0x0000000000000000-0x0000000000000000-0x0000000000000000), size 0, SharedBaseAddress: 0x0000000800000000, ArchiveRelocationMode: 0.
Narrow klass base: 0x0000000000000000, Narrow klass shift: 0, Narrow klass range: 0x0

GC Precious Log:
 CardTable entry size: 512
 Card Set container configuration: InlinePtr #cards 5 size 8 Array Of Cards #cards 12 size 40 Howl #buckets 4 coarsen threshold 1843 Howl Bitmap #cards 512 size 80 coarsen threshold 460 Card regions per heap region 1 cards per card region 2048

Heap:
 garbage-first heap   total 0K, used 0K [0x0000000089000000, 0x0000000100000000)
  region size 1024K, 0 young (0K), 0 survivors (0K)

[error occurred during error reporting (printing heap information), id 0xc0000005, EXCEPTION_ACCESS_VIOLATION (0xc0000005) at pc=0x00007ffa67171839]

GC Heap History (0 events):
No events

Deoptimization events (0 events):
No events

Classes loaded (0 events):
No events

Classes unloaded (0 events):
No events

Classes redefined (0 events):
No events

Internal exceptions (0 events):
No events

VM Operations (0 events):
No events

Events (1 events):
Event: 0.014 Loaded shared library C:\Program Files\Java\jdk-18.0.2.1\bin\java.dll


Dynamic libraries:
0x00007ff612d00000 - 0x00007ff612d10000 	C:\Program Files\Java\jdk-18.0.2.1\bin\java.exe
0x00007ffabf8b0000 - 0x00007ffabfac4000 	C:\WINDOWS\SYSTEM32\ntdll.dll
0x00007ffabf0e0000 - 0x00007ffabf1a3000 	C:\WINDOWS\System32\KERNEL32.DLL
0x00007ffabcd60000 - 0x00007ffabd0fc000 	C:\WINDOWS\System32\KERNELBASE.dll
0x00007ffabd360000 - 0x00007ffabd471000 	C:\WINDOWS\System32\ucrtbase.dll
0x00007ffab82d0000 - 0x00007ffab82e8000 	C:\Program Files\Java\jdk-18.0.2.1\bin\jli.dll
0x00007ffab82b0000 - 0x00007ffab82ca000 	C:\Program Files\Java\jdk-18.0.2.1\bin\VCRUNTIME140.dll
0x00007ffabf3a0000 - 0x00007ffabf44e000 	C:\WINDOWS\System32\ADVAPI32.dll
0x00007ffabd7b0000 - 0x00007ffabd857000 	C:\WINDOWS\System32\msvcrt.dll
0x00007ffabf4e0000 - 0x00007ffabf584000 	C:\WINDOWS\System32\sechost.dll
0x00007ffabd860000 - 0x00007ffabd975000 	C:\WINDOWS\System32\RPCRT4.dll
0x00007ffabeb50000 - 0x00007ffabecfd000 	C:\WINDOWS\System32\USER32.dll
0x00007ffabd690000 - 0x00007ffabd6b6000 	C:\WINDOWS\System32\win32u.dll
0x00007ffaa7dc0000 - 0x00007ffaa804e000 	C:\WINDOWS\WinSxS\amd64_microsoft.windows.common-controls_6595b64144ccf1df_6.0.22621.608_none_a9444ca7c10bb01d\COMCTL32.dll
0x00007ffabea20000 - 0x00007ffabea49000 	C:\WINDOWS\System32\GDI32.dll
0x00007ffabd240000 - 0x00007ffabd352000 	C:\WINDOWS\System32\gdi32full.dll
0x00007ffabd480000 - 0x00007ffabd51a000 	C:\WINDOWS\System32\msvcp_win.dll
0x00007ffab5aa0000 - 0x00007ffab5aaa000 	C:\WINDOWS\SYSTEM32\VERSION.dll
0x00007ffabf450000 - 0x00007ffabf482000 	C:\WINDOWS\System32\IMM32.DLL
0x00007ffab82a0000 - 0x00007ffab82ac000 	C:\Program Files\Java\jdk-18.0.2.1\bin\vcruntime140_1.dll
0x00007ffa8ef90000 - 0x00007ffa8f01d000 	C:\Program Files\Java\jdk-18.0.2.1\bin\msvcp140.dll
0x00007ffa66a80000 - 0x00007ffa67691000 	C:\Program Files\Java\jdk-18.0.2.1\bin\server\jvm.dll
0x00007ffabf390000 - 0x00007ffabf398000 	C:\WINDOWS\System32\PSAPI.DLL
0x00007ffab9ef0000 - 0x00007ffab9ef9000 	C:\WINDOWS\SYSTEM32\WSOCK32.dll
0x00007ffab5a60000 - 0x00007ffab5a94000 	C:\WINDOWS\SYSTEM32\WINMM.dll
0x00007ffabd6d0000 - 0x00007ffabd741000 	C:\WINDOWS\System32\WS2_32.dll
0x00007ffabbd40000 - 0x00007ffabbd58000 	C:\WINDOWS\SYSTEM32\kernel.appcore.dll
0x00007ffab5bf0000 - 0x00007ffab5bfa000 	C:\Program Files\Java\jdk-18.0.2.1\bin\jimage.dll
0x00007ffab3a00000 - 0x00007ffab3c2e000 	C:\WINDOWS\SYSTEM32\DBGHELP.DLL
0x00007ffabde80000 - 0x00007ffabe20a000 	C:\WINDOWS\System32\combase.dll
0x00007ffabf2b0000 - 0x00007ffabf387000 	C:\WINDOWS\System32\OLEAUT32.dll
0x00007ffaa5d10000 - 0x00007ffaa5d42000 	C:\WINDOWS\SYSTEM32\dbgcore.DLL
0x00007ffabd100000 - 0x00007ffabd17b000 	C:\WINDOWS\System32\bcryptPrimitives.dll
0x00007ffaabd80000 - 0x00007ffaabda5000 	C:\Program Files\Java\jdk-18.0.2.1\bin\java.dll

dbghelp: loaded successfully - version: 4.0.5 - missing functions: none
symbol engine: initialized successfully - sym options: 0x614 - pdb path: .;C:\Program Files\Java\jdk-18.0.2.1\bin;C:\WINDOWS\SYSTEM32;C:\WINDOWS\WinSxS\amd64_microsoft.windows.common-controls_6595b64144ccf1df_6.0.22621.608_none_a9444ca7c10bb01d;C:\Program Files\Java\jdk-18.0.2.1\bin\server

VM Arguments:
jvm_args: -Dfile.encoding=UTF-8 --module-path=C:\Users\Asus\OneDrive\Documents\NetBeansProjects\Employee management system\build\classes 
java_command: employee.management.system.ViewEmployee
java_class_path (initial): D:\software\mysql-connector-java-8.0.28.jar;C:\Users\Asus\OneDrive\Desktop\jcalendar-tz-1.3.3-4.jar;C:\Users\Asus\OneDrive\Desktop\rs2xml.jar;C:\Users\Asus\OneDrive\Documents\NetBeansProjects\Employee management system\build\classes
Launcher Type: SUN_STANDARD

[Global flags]
     intx CICompilerCount                          = 4                                         {product} {ergonomic}
     uint ConcGCThreads                            = 2                                         {product} {ergonomic}
     uint G1ConcRefinementThreads                  = 8                                         {product} {ergonomic}
   size_t G1HeapRegionSize                         = 1048576                                   {product} {ergonomic}
    uintx GCDrainStackTargetSize                   = 64                                        {product} {ergonomic}
   size_t InitialHeapSize                          = 125829120                                 {product} {ergonomic}
   size_t MarkStackSize                            = 4194304                                   {product} {ergonomic}
   size_t MaxHeapSize                              = 1996488704                                {product} {ergonomic}
   size_t MinHeapDeltaBytes                        = 1048576                                   {product} {ergonomic}
   size_t MinHeapSize                              = 8388608                                   {product} {ergonomic}
    uintx NonNMethodCodeHeapSize                   = 5839372                                {pd product} {ergonomic}
    uintx NonProfiledCodeHeapSize                  = 122909434                              {pd product} {ergonomic}
    uintx ProfiledCodeHeapSize                     = 122909434                              {pd product} {ergonomic}
    uintx ReservedCodeCacheSize                    = 251658240                              {pd product} {ergonomic}
     bool SegmentedCodeCache                       = true                                      {product} {ergonomic}
   size_t SoftMaxHeapSize                          = 1996488704                             {manageable} {ergonomic}
     bool UseCompressedClassPointers               = true                           {product lp64_product} {ergonomic}
     bool UseCompressedOops                        = true                           {product lp64_product} {ergonomic}
     bool UseG1GC                                  = true                                      {product} {ergonomic}
     bool UseLargePagesIndividualAllocation        = false                                  {pd product} {ergonomic}

Logging:
Log output configuration:
 #0: stdout all=warning uptime,level,tags foldmultilines=false
 #1: stderr all=off uptime,level,tags foldmultilines=false

Environment Variables:
PATH=C:\Program Files\Python37\Scripts\;C:\Program Files\Python37\;C:\Program Files\Common Files\Oracle\Java\javapath;C:\Windows\system32;C:\Windows;C:\Windows\System32\Wbem;C:\Windows\System32\WindowsPowerShell\v1.0\;C:\Windows\System32\OpenSSH\;C:\Program Files (x86)\NVIDIA Corporation\PhysX\Common;C:\Program Files\NVIDIA Corporation\NVIDIA NvDLISR;C:\WINDOWS\system32;C:\WINDOWS;C:\WINDOWS\System32\Wbem;C:\WINDOWS\System32\WindowsPowerShell\v1.0\;C:\WINDOWS\System32\OpenSSH\;C:\MinGW;C:\Program Files\MySQL\MySQL Shell 8.0\bin\;C:\Users\Asus\AppData\Local\Microsoft\WindowsApps;C:\Users\Asus\AppData\Local\Programs\Microsoft VS Code\bin;C:\MinGW\bin;
USERNAME=Asus
OS=Windows_NT
PROCESSOR_IDENTIFIER=AMD64 Family 23 Model 24 Stepping 1, AuthenticAMD



---------------  S Y S T E M  ---------------

OS:
 Windows 11 , 64 bit Build 22621 (10.0.22621.1194)
OS uptime: 3 days 17:45 hours

CPU: total 8 (initial active 8) (8 cores per cpu, 2 threads per core) family 23 model 24 stepping 1 microcode 0x0, cx8, cmov, fxsr, ht, mmx, 3dnowpref, sse, sse2, sse3, ssse3, sse4a, sse4.1, sse4.2, popcnt, lzcnt, tsc, tscinvbit, avx, avx2, aes, clmul, bmi1, bmi2, adx, sha, fma, vzeroupper, clflush, clflushopt

Memory: 4k page, system-wide physical 7613M (998M free)
TotalPageFile size 31165M (AvailPageFile size 35M)
current process WorkingSet (physical memory assigned to process): 12M, peak: 12M
current process commit charge ("private bytes"): 60M, peak: 180M

vm_info: Java HotSpot(TM) 64-Bit Server VM (18.0.2.1+1-1) for windows-amd64 JRE (18.0.2.1+1-1), built on Aug 16 2022 01:46:33 by "mach5one" with MS VC++ 16.8 / 16.9 (VS2019)

END.
