#
# There is insufficient memory for the Java Runtime Environment to continue.
# Native memory allocation (mmap) failed to map 125829120 bytes for G1 virtual space
# Possible reasons:
#   The system is out of physical RAM or swap space
#   The process is running with CompressedOops enabled, and the Java Heap may be blocking the growth of the native heap
# Possible solutions:
#   Reduce memory load on the system
#   Increase physical memory or swap space
#   Check if swap backing store is full
#   Decrease Java heap size (-Xmx/-Xms)
#   Decrease number of Java threads
#   Decrease Java thread stack sizes (-Xss)
#   Set larger code cache with -XX:ReservedCodeCacheSize=
#   JVM is running with Unscaled Compressed Oops mode in which the Java heap is
#     placed in the first 4GB address space. The Java Heap base address is the
#     maximum limit for the native heap growth. Please use -XX:HeapBaseMinAddress
#     to set the Java Heap base and to place the Java Heap above 4GB virtual address.
# This output file may be truncated or incomplete.
#
#  Out of Memory Error (os_windows.cpp:3530), pid=27496, tid=23640
#
# JRE version:  (18.0.2.1+1) (build )
# Java VM: Java HotSpot(TM) 64-Bit Server VM (18.0.2.1+1-1, mixed mode, sharing, tiered, compressed oops, compressed class ptrs, g1 gc, windows-amd64)
# No core dump will be written. Minidumps are not enabled by default on client versions of Windows
#

---------------  S U M M A R Y ------------

Command Line: -Dfile.encoding=UTF-8 --module-path=C:\Users\Asus\OneDrive\Documents\NetBeansProjects\Employee management system\build\classes employee.management.system.login

Host: AMD Ryzen 5 3550H with Radeon Vega Mobile Gfx  , 8 cores, 7G,  Windows 11 , 64 bit Build 22621 (10.0.22621.1194)
Time: Sat Feb 25 00:57:37 2023 India Standard Time elapsed time: 0.012277 seconds (0d 0h 0m 0s)

---------------  T H R E A D  ---------------

Current thread (0x000002891804c550):  JavaThread "Unknown thread" [_thread_in_vm, id=23640, stack(0x000000c02b500000,0x000000c02b600000)]

Stack: [0x000000c02b500000,0x000000c02b600000]
Native frames: (J=compiled Java code, j=interpreted, Vv=VM code, C=native code)
V  [jvm.dll+0x6993aa]
V  [jvm.dll+0x7f46dd]
V  [jvm.dll+0x7f5fee]
V  [jvm.dll+0x7f66a3]
V  [jvm.dll+0x25cf1f]
V  [jvm.dll+0x6962f9]
V  [jvm.dll+0x68ae2a]
V  [jvm.dll+0x32255b]
V  [jvm.dll+0x329f36]
V  [jvm.dll+0x37eade]
V  [jvm.dll+0x37ed0f]
V  [jvm.dll+0x2fa2da]
V  [jvm.dll+0x2fb33d]
V  [jvm.dll+0x7c3310]
V  [jvm.dll+0x38be61]
V  [jvm.dll+0x7a2023]
V  [jvm.dll+0x40dc3f]
V  [jvm.dll+0x40f611]
C  [jli.dll+0x526b]
C  [ucrtbase.dll+0x29363]
C  [KERNEL32.DLL+0x126bd]
C  [ntdll.dll+0x5dfb8]


---------------  P R O C E S S  ---------------

Threads class SMR info:
_java_thread_list=0x00007ff83e36e550, length=0, elements={
}

Java Threads: ( => current thread )

Other Threads:
  0x00000289180a6b10 WorkerThread "GC Thread#0" [stack: 0x000000c02b600000,0x000000c02b700000] [id=26456]
  0x00000289180ba8c0 ConcurrentGCThread "G1 Main Marker" [stack: 0x000000c02b700000,0x000000c02b800000] [id=25180]
  0x00000289180bd810 WorkerThread "G1 Conc#0" [stack: 0x000000c02b800000,0x000000c02b900000] [id=22700]

[error occurred during error reporting (printing all threads), id 0xc0000005, EXCEPTION_ACCESS_VIOLATION (0xc0000005) at pc=0x00007ff83db9a877]

VM state: not at safepoint (not fully initialized)

VM Mutex/Monitor currently owned by a thread:  ([mutex/lock_event])
[0x00000289180485b0] Heap_lock - owner thread: 0x000002891804c550

Heap address: 0x0000000089000000, size: 1904 MB, Compressed Oops mode: 32-bit

CDS archive(s) mapped at: [0x0000000000000000-0x0000000000000000-0x0000000000000000), size 0, SharedBaseAddress: 0x0000000800000000, ArchiveRelocationMode: 0.
Narrow klass base: 0x0000000000000000, Narrow klass shift: 0, Narrow klass range: 0x0

GC Precious Log:
 CardTable entry size: 512
 Card Set container configuration: InlinePtr #cards 5 size 8 Array Of Cards #cards 12 size 40 Howl #buckets 4 coarsen threshold 1843 Howl Bitmap #cards 512 size 80 coarsen threshold 460 Card regions per heap region 1 cards per card region 2048

Heap:
 garbage-first heap   total 0K, used 0K [0x0000000089000000, 0x0000000100000000)
  region size 1024K, 0 young (0K), 0 survivors (0K)

[error occurred during error reporting (printing heap information), id 0xc0000005, EXCEPTION_ACCESS_VIOLATION (0xc0000005) at pc=0x00007ff83df81839]

GC Heap History (0 events):
No events

Deoptimization events (0 events):
No events

Classes loaded (0 events):
No events

Classes unloaded (0 events):
No events

Classes redefined (0 events):
No events

Internal exceptions (0 events):
No events

VM Operations (0 events):
No events

Events (1 events):
Event: 0.008 Loaded shared library C:\Program Files\Java\jdk-18.0.2.1\bin\java.dll


Dynamic libraries:
0x00007ff652560000 - 0x00007ff652570000 	C:\Program Files\Java\jdk-18.0.2.1\bin\java.exe
0x00007ff897d30000 - 0x00007ff897f44000 	C:\WINDOWS\SYSTEM32\ntdll.dll
0x00007ff895d00000 - 0x00007ff895dc3000 	C:\WINDOWS\System32\KERNEL32.DLL
0x00007ff895310000 - 0x00007ff8956ac000 	C:\WINDOWS\System32\KERNELBASE.dll
0x00007ff895840000 - 0x00007ff895951000 	C:\WINDOWS\System32\ucrtbase.dll
0x00007ff88fa70000 - 0x00007ff88fa88000 	C:\Program Files\Java\jdk-18.0.2.1\bin\jli.dll
0x00007ff88fab0000 - 0x00007ff88faca000 	C:\Program Files\Java\jdk-18.0.2.1\bin\VCRUNTIME140.dll
0x00007ff896250000 - 0x00007ff8962fe000 	C:\WINDOWS\System32\ADVAPI32.dll
0x00007ff895bc0000 - 0x00007ff895c67000 	C:\WINDOWS\System32\msvcrt.dll
0x00007ff897790000 - 0x00007ff897834000 	C:\WINDOWS\System32\sechost.dll
0x00007ff897940000 - 0x00007ff897a55000 	C:\WINDOWS\System32\RPCRT4.dll
0x00007ff896f60000 - 0x00007ff89710d000 	C:\WINDOWS\System32\USER32.dll
0x00007ff882470000 - 0x00007ff8826fe000 	C:\WINDOWS\WinSxS\amd64_microsoft.windows.common-controls_6595b64144ccf1df_6.0.22621.608_none_a9444ca7c10bb01d\COMCTL32.dll
0x00007ff895170000 - 0x00007ff895196000 	C:\WINDOWS\System32\win32u.dll
0x00007ff895cc0000 - 0x00007ff895ce9000 	C:\WINDOWS\System32\GDI32.dll
0x00007ff895720000 - 0x00007ff895832000 	C:\WINDOWS\System32\gdi32full.dll
0x00007ff895aa0000 - 0x00007ff895b3a000 	C:\WINDOWS\System32\msvcp_win.dll
0x00007ff88f2d0000 - 0x00007ff88f2da000 	C:\WINDOWS\SYSTEM32\VERSION.dll
0x00007ff897cb0000 - 0x00007ff897ce2000 	C:\WINDOWS\System32\IMM32.DLL
0x00007ff8908e0000 - 0x00007ff8908ec000 	C:\Program Files\Java\jdk-18.0.2.1\bin\vcruntime140_1.dll
0x00007ff877d30000 - 0x00007ff877dbd000 	C:\Program Files\Java\jdk-18.0.2.1\bin\msvcp140.dll
0x00007ff83d890000 - 0x00007ff83e4a1000 	C:\Program Files\Java\jdk-18.0.2.1\bin\server\jvm.dll
0x00007ff897770000 - 0x00007ff897778000 	C:\WINDOWS\System32\PSAPI.DLL
0x00007ff88e870000 - 0x00007ff88e8a4000 	C:\WINDOWS\SYSTEM32\WINMM.dll
0x00007ff890960000 - 0x00007ff890969000 	C:\WINDOWS\SYSTEM32\WSOCK32.dll
0x00007ff895b40000 - 0x00007ff895bb1000 	C:\WINDOWS\System32\WS2_32.dll
0x00007ff8941c0000 - 0x00007ff8941d8000 	C:\WINDOWS\SYSTEM32\kernel.appcore.dll
0x00007ff8904d0000 - 0x00007ff8904da000 	C:\Program Files\Java\jdk-18.0.2.1\bin\jimage.dll
0x00007ff88cb30000 - 0x00007ff88cd5e000 	C:\WINDOWS\SYSTEM32\DBGHELP.DLL
0x00007ff897190000 - 0x00007ff89751a000 	C:\WINDOWS\System32\combase.dll
0x00007ff896300000 - 0x00007ff8963d7000 	C:\WINDOWS\System32\OLEAUT32.dll
0x00007ff87e3f0000 - 0x00007ff87e422000 	C:\WINDOWS\SYSTEM32\dbgcore.DLL
0x00007ff895a20000 - 0x00007ff895a9b000 	C:\WINDOWS\System32\bcryptPrimitives.dll
0x00007ff884560000 - 0x00007ff884585000 	C:\Program Files\Java\jdk-18.0.2.1\bin\java.dll

dbghelp: loaded successfully - version: 4.0.5 - missing functions: none
symbol engine: initialized successfully - sym options: 0x614 - pdb path: .;C:\Program Files\Java\jdk-18.0.2.1\bin;C:\WINDOWS\SYSTEM32;C:\WINDOWS\WinSxS\amd64_microsoft.windows.common-controls_6595b64144ccf1df_6.0.22621.608_none_a9444ca7c10bb01d;C:\Program Files\Java\jdk-18.0.2.1\bin\server

VM Arguments:
jvm_args: -Dfile.encoding=UTF-8 --module-path=C:\Users\Asus\OneDrive\Documents\NetBeansProjects\Employee management system\build\classes 
java_command: employee.management.system.login
java_class_path (initial): C:\Users\Asus\OneDrive\Documents\NetBeansProjects\Employee management system\build\classes
Launcher Type: SUN_STANDARD

[Global flags]
     intx CICompilerCount                          = 4                                         {product} {ergonomic}
     uint ConcGCThreads                            = 2                                         {product} {ergonomic}
     uint G1ConcRefinementThreads                  = 8                                         {product} {ergonomic}
   size_t G1HeapRegionSize                         = 1048576                                   {product} {ergonomic}
    uintx GCDrainStackTargetSize                   = 64                                        {product} {ergonomic}
   size_t InitialHeapSize                          = 125829120                                 {product} {ergonomic}
   size_t MarkStackSize                            = 4194304                                   {product} {ergonomic}
   size_t MaxHeapSize                              = 1996488704                                {product} {ergonomic}
   size_t MinHeapDeltaBytes                        = 1048576                                   {product} {ergonomic}
   size_t MinHeapSize                              = 8388608                                   {product} {ergonomic}
    uintx NonNMethodCodeHeapSize                   = 5839372                                {pd product} {ergonomic}
    uintx NonProfiledCodeHeapSize                  = 122909434                              {pd product} {ergonomic}
    uintx ProfiledCodeHeapSize                     = 122909434                              {pd product} {ergonomic}
    uintx ReservedCodeCacheSize                    = 251658240                              {pd product} {ergonomic}
     bool SegmentedCodeCache                       = true                                      {product} {ergonomic}
   size_t SoftMaxHeapSize                          = 1996488704                             {manageable} {ergonomic}
     bool UseCompressedClassPointers               = true                           {product lp64_product} {ergonomic}
     bool UseCompressedOops                        = true                           {product lp64_product} {ergonomic}
     bool UseG1GC                                  = true                                      {product} {ergonomic}
     bool UseLargePagesIndividualAllocation        = false                                  {pd product} {ergonomic}

Logging:
Log output configuration:
 #0: stdout all=warning uptime,level,tags foldmultilines=false
 #1: stderr all=off uptime,level,tags foldmultilines=false

Environment Variables:
PATH=C:\Program Files\Python37\Scripts\;C:\Program Files\Python37\;C:\Program Files\Common Files\Oracle\Java\javapath;C:\Windows\system32;C:\Windows;C:\Windows\System32\Wbem;C:\Windows\System32\WindowsPowerShell\v1.0\;C:\Windows\System32\OpenSSH\;C:\Program Files (x86)\NVIDIA Corporation\PhysX\Common;C:\Program Files\NVIDIA Corporation\NVIDIA NvDLISR;C:\WINDOWS\system32;C:\WINDOWS;C:\WINDOWS\System32\Wbem;C:\WINDOWS\System32\WindowsPowerShell\v1.0\;C:\WINDOWS\System32\OpenSSH\;C:\MinGW;C:\Program Files\MySQL\MySQL Shell 8.0\bin\;C:\Users\Asus\AppData\Local\Microsoft\WindowsApps;C:\Users\Asus\AppData\Local\Programs\Microsoft VS Code\bin;C:\MinGW\bin;
USERNAME=Asus
OS=Windows_NT
PROCESSOR_IDENTIFIER=AMD64 Family 23 Model 24 Stepping 1, AuthenticAMD



---------------  S Y S T E M  ---------------

OS:
 Windows 11 , 64 bit Build 22621 (10.0.22621.1194)
OS uptime: 3 days 2:58 hours

CPU: total 8 (initial active 8) (8 cores per cpu, 2 threads per core) family 23 model 24 stepping 1 microcode 0x0, cx8, cmov, fxsr, ht, mmx, 3dnowpref, sse, sse2, sse3, ssse3, sse4a, sse4.1, sse4.2, popcnt, lzcnt, tsc, tscinvbit, avx, avx2, aes, clmul, bmi1, bmi2, adx, sha, fma, vzeroupper, clflush, clflushopt

Memory: 4k page, system-wide physical 7613M (388M free)
TotalPageFile size 31165M (AvailPageFile size 11M)
current process WorkingSet (physical memory assigned to process): 11M, peak: 11M
current process commit charge ("private bytes"): 60M, peak: 180M

vm_info: Java HotSpot(TM) 64-Bit Server VM (18.0.2.1+1-1) for windows-amd64 JRE (18.0.2.1+1-1), built on Aug 16 2022 01:46:33 by "mach5one" with MS VC++ 16.8 / 16.9 (VS2019)

END.
