#
# There is insufficient memory for the Java Runtime Environment to continue.
# Native memory allocation (mmap) failed to map 125829120 bytes for G1 virtual space
# Possible reasons:
#   The system is out of physical RAM or swap space
#   The process is running with CompressedOops enabled, and the Java Heap may be blocking the growth of the native heap
# Possible solutions:
#   Reduce memory load on the system
#   Increase physical memory or swap space
#   Check if swap backing store is full
#   Decrease Java heap size (-Xmx/-Xms)
#   Decrease number of Java threads
#   Decrease Java thread stack sizes (-Xss)
#   Set larger code cache with -XX:ReservedCodeCacheSize=
#   JVM is running with Unscaled Compressed Oops mode in which the Java heap is
#     placed in the first 4GB address space. The Java Heap base address is the
#     maximum limit for the native heap growth. Please use -XX:HeapBaseMinAddress
#     to set the Java Heap base and to place the Java Heap above 4GB virtual address.
# This output file may be truncated or incomplete.
#
#  Out of Memory Error (os_windows.cpp:3530), pid=4992, tid=9224
#
# JRE version:  (18.0.2.1+1) (build )
# Java VM: Java HotSpot(TM) 64-Bit Server VM (18.0.2.1+1-1, mixed mode, sharing, tiered, compressed oops, compressed class ptrs, g1 gc, windows-amd64)
# No core dump will be written. Minidumps are not enabled by default on client versions of Windows
#

---------------  S U M M A R Y ------------

Command Line: -Dfile.encoding=UTF-8 --module-path=C:\Users\Asus\OneDrive\Documents\NetBeansProjects\Employee management system\build\classes employee.management.system.Splash

Host: AMD Ryzen 5 3550H with Radeon Vega Mobile Gfx  , 8 cores, 7G,  Windows 11 , 64 bit Build 22000 (10.0.22000.1219)
Time: Thu Dec  1 18:58:35 2022 India Standard Time elapsed time: 0.018649 seconds (0d 0h 0m 0s)

---------------  T H R E A D  ---------------

Current thread (0x000002be8f6002c0):  JavaThread "Unknown thread" [_thread_in_vm, id=9224, stack(0x000000d3c1b00000,0x000000d3c1c00000)]

Stack: [0x000000d3c1b00000,0x000000d3c1c00000]
Native frames: (J=compiled Java code, j=interpreted, Vv=VM code, C=native code)
V  [jvm.dll+0x6993aa]
V  [jvm.dll+0x7f46dd]
V  [jvm.dll+0x7f5fee]
V  [jvm.dll+0x7f66a3]
V  [jvm.dll+0x25cf1f]
V  [jvm.dll+0x6962f9]
V  [jvm.dll+0x68ae2a]
V  [jvm.dll+0x32255b]
V  [jvm.dll+0x329f36]
V  [jvm.dll+0x37eade]
V  [jvm.dll+0x37ed0f]
V  [jvm.dll+0x2fa2da]
V  [jvm.dll+0x2fb33d]
V  [jvm.dll+0x7c3310]
V  [jvm.dll+0x38be61]
V  [jvm.dll+0x7a2023]
V  [jvm.dll+0x40dc3f]
V  [jvm.dll+0x40f611]
C  [jli.dll+0x526b]
C  [ucrtbase.dll+0x26c0c]
C  [KERNEL32.DLL+0x15550]
C  [ntdll.dll+0x485b]


---------------  P R O C E S S  ---------------

Threads class SMR info:
_java_thread_list=0x00007ff95a45e550, length=0, elements={
}

Java Threads: ( => current thread )

Other Threads:
  0x000002be8f65aab0 WorkerThread "GC Thread#0" [stack: 0x000000d3c1c00000,0x000000d3c1d00000] [id=9028]
  0x000002be8f66b950 ConcurrentGCThread "G1 Main Marker" [stack: 0x000000d3c1d00000,0x000000d3c1e00000] [id=24232]
  0x000002be8f66cae0 WorkerThread "G1 Conc#0" [stack: 0x000000d3c1e00000,0x000000d3c1f00000] [id=9512]

[error occurred during error reporting (printing all threads), id 0xc0000005, EXCEPTION_ACCESS_VIOLATION (0xc0000005) at pc=0x00007ff959c8a877]

VM state: not at safepoint (not fully initialized)

VM Mutex/Monitor currently owned by a thread:  ([mutex/lock_event])
[0x000002be8f5fed80] Heap_lock - owner thread: 0x000002be8f6002c0

Heap address: 0x0000000089000000, size: 1904 MB, Compressed Oops mode: 32-bit

CDS archive(s) mapped at: [0x0000000000000000-0x0000000000000000-0x0000000000000000), size 0, SharedBaseAddress: 0x0000000800000000, ArchiveRelocationMode: 0.
Narrow klass base: 0x0000000000000000, Narrow klass shift: 0, Narrow klass range: 0x0

GC Precious Log:
 CardTable entry size: 512
 Card Set container configuration: InlinePtr #cards 5 size 8 Array Of Cards #cards 12 size 40 Howl #buckets 4 coarsen threshold 1843 Howl Bitmap #cards 512 size 80 coarsen threshold 460 Card regions per heap region 1 cards per card region 2048

Heap:
 garbage-first heap   total 0K, used 0K [0x0000000089000000, 0x0000000100000000)
  region size 1024K, 0 young (0K), 0 survivors (0K)

[error occurred during error reporting (printing heap information), id 0xc0000005, EXCEPTION_ACCESS_VIOLATION (0xc0000005) at pc=0x00007ff95a071839]

GC Heap History (0 events):
No events

Deoptimization events (0 events):
No events

Classes loaded (0 events):
No events

Classes unloaded (0 events):
No events

Classes redefined (0 events):
No events

Internal exceptions (0 events):
No events

VM Operations (0 events):
No events

Events (1 events):
Event: 0.012 Loaded shared library C:\Program Files\Java\jdk-18.0.2.1\bin\java.dll


Dynamic libraries:
0x00007ff752e50000 - 0x00007ff752e60000 	C:\Program Files\Java\jdk-18.0.2.1\bin\java.exe
0x00007ff995da0000 - 0x00007ff995fa9000 	C:\WINDOWS\SYSTEM32\ntdll.dll
0x00007ff993d10000 - 0x00007ff993dce000 	C:\WINDOWS\System32\KERNEL32.DLL
0x00007ff9933d0000 - 0x00007ff99374b000 	C:\WINDOWS\System32\KERNELBASE.dll
0x00007ff993750000 - 0x00007ff993861000 	C:\WINDOWS\System32\ucrtbase.dll
0x00007ff98bca0000 - 0x00007ff98bcba000 	C:\Program Files\Java\jdk-18.0.2.1\bin\VCRUNTIME140.dll
0x00007ff98cea0000 - 0x00007ff98ceb8000 	C:\Program Files\Java\jdk-18.0.2.1\bin\jli.dll
0x00007ff995910000 - 0x00007ff9959be000 	C:\WINDOWS\System32\ADVAPI32.dll
0x00007ff993ec0000 - 0x00007ff993f63000 	C:\WINDOWS\System32\msvcrt.dll
0x00007ff995610000 - 0x00007ff9956ae000 	C:\WINDOWS\System32\sechost.dll
0x00007ff994f40000 - 0x00007ff995060000 	C:\WINDOWS\System32\RPCRT4.dll
0x00007ff995a20000 - 0x00007ff995bcd000 	C:\WINDOWS\System32\USER32.dll
0x00007ff993bf0000 - 0x00007ff993c16000 	C:\WINDOWS\System32\win32u.dll
0x00007ff986be0000 - 0x00007ff986e85000 	C:\WINDOWS\WinSxS\amd64_microsoft.windows.common-controls_6595b64144ccf1df_6.0.22000.120_none_9d947278b86cc467\COMCTL32.dll
0x00007ff9945f0000 - 0x00007ff994619000 	C:\WINDOWS\System32\GDI32.dll
0x00007ff993ad0000 - 0x00007ff993be8000 	C:\WINDOWS\System32\gdi32full.dll
0x00007ff993270000 - 0x00007ff99330d000 	C:\WINDOWS\System32\msvcp_win.dll
0x00007ff98c100000 - 0x00007ff98c10a000 	C:\WINDOWS\SYSTEM32\VERSION.dll
0x00007ff995bf0000 - 0x00007ff995c22000 	C:\WINDOWS\System32\IMM32.DLL
0x00007ff98cda0000 - 0x00007ff98cdac000 	C:\Program Files\Java\jdk-18.0.2.1\bin\vcruntime140_1.dll
0x00007ff984fd0000 - 0x00007ff98505d000 	C:\Program Files\Java\jdk-18.0.2.1\bin\msvcp140.dll
0x00007ff959980000 - 0x00007ff95a591000 	C:\Program Files\Java\jdk-18.0.2.1\bin\server\jvm.dll
0x00007ff993dd0000 - 0x00007ff993dd8000 	C:\WINDOWS\System32\PSAPI.DLL
0x00007ff988830000 - 0x00007ff988839000 	C:\WINDOWS\SYSTEM32\WSOCK32.dll
0x00007ff98eff0000 - 0x00007ff98f023000 	C:\WINDOWS\SYSTEM32\WINMM.dll
0x00007ff993ca0000 - 0x00007ff993d0f000 	C:\WINDOWS\System32\WS2_32.dll
0x00007ff9922f0000 - 0x00007ff992308000 	C:\WINDOWS\SYSTEM32\kernel.appcore.dll
0x00007ff98b940000 - 0x00007ff98b94a000 	C:\Program Files\Java\jdk-18.0.2.1\bin\jimage.dll
0x00007ff98c4e0000 - 0x00007ff98c701000 	C:\WINDOWS\SYSTEM32\DBGHELP.DLL
0x00007ff98c4a0000 - 0x00007ff98c4d1000 	C:\WINDOWS\SYSTEM32\dbgcore.DLL
0x00007ff993870000 - 0x00007ff9938ef000 	C:\WINDOWS\System32\bcryptPrimitives.dll
0x00007ff97dba0000 - 0x00007ff97dbc5000 	C:\Program Files\Java\jdk-18.0.2.1\bin\java.dll

dbghelp: loaded successfully - version: 4.0.5 - missing functions: none
symbol engine: initialized successfully - sym options: 0x614 - pdb path: .;C:\Program Files\Java\jdk-18.0.2.1\bin;C:\WINDOWS\SYSTEM32;C:\WINDOWS\WinSxS\amd64_microsoft.windows.common-controls_6595b64144ccf1df_6.0.22000.120_none_9d947278b86cc467;C:\Program Files\Java\jdk-18.0.2.1\bin\server

VM Arguments:
jvm_args: -Dfile.encoding=UTF-8 --module-path=C:\Users\Asus\OneDrive\Documents\NetBeansProjects\Employee management system\build\classes 
java_command: employee.management.system.Splash
java_class_path (initial): C:\Users\Asus\OneDrive\Documents\NetBeansProjects\Employee management system\build\classes
Launcher Type: SUN_STANDARD

[Global flags]
     intx CICompilerCount                          = 4                                         {product} {ergonomic}
     uint ConcGCThreads                            = 2                                         {product} {ergonomic}
     uint G1ConcRefinementThreads                  = 8                                         {product} {ergonomic}
   size_t G1HeapRegionSize                         = 1048576                                   {product} {ergonomic}
    uintx GCDrainStackTargetSize                   = 64                                        {product} {ergonomic}
   size_t InitialHeapSize                          = 125829120                                 {product} {ergonomic}
   size_t MarkStackSize                            = 4194304                                   {product} {ergonomic}
   size_t MaxHeapSize                              = 1996488704                                {product} {ergonomic}
   size_t MinHeapDeltaBytes                        = 1048576                                   {product} {ergonomic}
   size_t MinHeapSize                              = 8388608                                   {product} {ergonomic}
    uintx NonNMethodCodeHeapSize                   = 5839372                                {pd product} {ergonomic}
    uintx NonProfiledCodeHeapSize                  = 122909434                              {pd product} {ergonomic}
    uintx ProfiledCodeHeapSize                     = 122909434                              {pd product} {ergonomic}
    uintx ReservedCodeCacheSize                    = 251658240                              {pd product} {ergonomic}
     bool SegmentedCodeCache                       = true                                      {product} {ergonomic}
   size_t SoftMaxHeapSize                          = 1996488704                             {manageable} {ergonomic}
     bool UseCompressedClassPointers               = true                           {product lp64_product} {ergonomic}
     bool UseCompressedOops                        = true                           {product lp64_product} {ergonomic}
     bool UseG1GC                                  = true                                      {product} {ergonomic}
     bool UseLargePagesIndividualAllocation        = false                                  {pd product} {ergonomic}

Logging:
Log output configuration:
 #0: stdout all=warning uptime,level,tags foldmultilines=false
 #1: stderr all=off uptime,level,tags foldmultilines=false

Environment Variables:
PATH=C:\Program Files\Python37\Scripts\;C:\Program Files\Python37\;C:\Program Files\Common Files\Oracle\Java\javapath;C:\Windows\system32;C:\Windows;C:\Windows\System32\Wbem;C:\Windows\System32\WindowsPowerShell\v1.0\;C:\Windows\System32\OpenSSH\;C:\Program Files (x86)\NVIDIA Corporation\PhysX\Common;C:\Program Files\NVIDIA Corporation\NVIDIA NvDLISR;C:\WINDOWS\system32;C:\WINDOWS;C:\WINDOWS\System32\Wbem;C:\WINDOWS\System32\WindowsPowerShell\v1.0\;C:\WINDOWS\System32\OpenSSH\;C:\MinGW;C:\Program Files\MySQL\MySQL Shell 8.0\bin\;C:\Users\Asus\AppData\Local\Microsoft\WindowsApps;C:\Users\Asus\AppData\Local\Programs\Microsoft VS Code\bin;C:\MinGW\bin;
USERNAME=Asus
OS=Windows_NT
PROCESSOR_IDENTIFIER=AMD64 Family 23 Model 24 Stepping 1, AuthenticAMD



---------------  S Y S T E M  ---------------

OS:
 Windows 11 , 64 bit Build 22000 (10.0.22000.1219)
OS uptime: 12 days 4:27 hours

CPU: total 8 (initial active 8) (8 cores per cpu, 2 threads per core) family 23 model 24 stepping 1 microcode 0x0, cx8, cmov, fxsr, ht, mmx, 3dnowpref, sse, sse2, sse3, ssse3, sse4a, sse4.1, sse4.2, popcnt, lzcnt, tsc, tscinvbit, avx, avx2, aes, clmul, bmi1, bmi2, adx, sha, fma, vzeroupper, clflush, clflushopt

Memory: 4k page, system-wide physical 7613M (403M free)
TotalPageFile size 31165M (AvailPageFile size 13M)
current process WorkingSet (physical memory assigned to process): 10M, peak: 10M
current process commit charge ("private bytes"): 60M, peak: 180M

vm_info: Java HotSpot(TM) 64-Bit Server VM (18.0.2.1+1-1) for windows-amd64 JRE (18.0.2.1+1-1), built on Aug 16 2022 01:46:33 by "mach5one" with MS VC++ 16.8 / 16.9 (VS2019)

END.
